<?xml version="1.0" encoding="UTF-8" standalone="no"?>
<!DOCTYPE log SYSTEM "logger.dtd">
<log>
<record>
  <date>2018-11-11T20:03:55.502615Z</date>
  <millis>1541966635502</millis>
  <nanos>615000</nanos>
  <sequence>1</sequence>
  <logger>edu.neu.csye6200.bg.RegistryIO</logger>
  <level>INFO</level>
  <class>edu.neu.csye6200.bg.RegistryIO</class>
  <method>&lt;init&gt;</method>
  <thread>1</thread>
  <message>Constructing a RegistryIO instance</message>
</record>
<record>
  <date>2018-11-11T20:03:55.508665Z</date>
  <millis>1541966635508</millis>
  <nanos>665000</nanos>
  <sequence>2</sequence>
  <logger>edu.neu.csye6200.bg.PlantRoster</logger>
  <level>INFO</level>
  <class>edu.neu.csye6200.bg.PlantRoster</class>
  <method>&lt;init&gt;</method>
  <thread>1</thread>
  <message>Constructing a PlantRoster instance</message>
</record>
</log>
