<?xml version="1.0" encoding="UTF-8" standalone="no"?>
<!DOCTYPE log SYSTEM "logger.dtd">
<log>
<record>
  <date>2018-11-28T23:14:29.368542Z</date>
  <millis>1543446869368</millis>
  <nanos>542000</nanos>
  <sequence>2</sequence>
  <logger>edu.neu.csye6200.ui.PlantApp</logger>
  <level>INFO</level>
  <class>edu.neu.csye6200.ui.PlantApp</class>
  <method>main</method>
  <thread>1</thread>
  <message>PlantApp started</message>
</record>
<record>
  <date>2018-11-28T23:14:29.513802Z</date>
  <millis>1543446869513</millis>
  <nanos>802000</nanos>
  <sequence>3</sequence>
  <logger>edu.neu.csye6200.ui.BGCanvas</logger>
  <level>INFO</level>
  <class>edu.neu.csye6200.ui.BGCanvas</class>
  <method>drawBG</method>
  <thread>17</thread>
  <message>Drawing BG 0</message>
</record>
<record>
  <date>2018-11-28T23:14:29.543530Z</date>
  <millis>1543446869543</millis>
  <nanos>530000</nanos>
  <sequence>4</sequence>
  <logger>edu.neu.csye6200.ui.PlantApp</logger>
  <level>INFO</level>
  <class>edu.neu.csye6200.ui.PlantApp</class>
  <method>windowActivated</method>
  <thread>17</thread>
  <message>Window activated</message>
</record>
<record>
  <date>2018-11-28T23:14:29.546988Z</date>
  <millis>1543446869546</millis>
  <nanos>988000</nanos>
  <sequence>5</sequence>
  <logger>edu.neu.csye6200.ui.PlantApp</logger>
  <level>INFO</level>
  <class>edu.neu.csye6200.ui.PlantApp</class>
  <method>windowOpened</method>
  <thread>17</thread>
  <message>Window opened</message>
</record>
<record>
  <date>2018-11-28T23:14:29.549183Z</date>
  <millis>1543446869549</millis>
  <nanos>183000</nanos>
  <sequence>6</sequence>
  <logger>edu.neu.csye6200.ui.BGCanvas</logger>
  <level>INFO</level>
  <class>edu.neu.csye6200.ui.BGCanvas</class>
  <method>drawBG</method>
  <thread>17</thread>
  <message>Drawing BG 1</message>
</record>
<record>
  <date>2018-11-28T23:14:38.385942Z</date>
  <millis>1543446878385</millis>
  <nanos>942000</nanos>
  <sequence>7</sequence>
  <logger>edu.neu.csye6200.ui.PlantApp</logger>
  <level>WARNING</level>
  <class>edu.neu.csye6200.ui.PlantApp</class>
  <method>lambda$7</method>
  <thread>17</thread>
  <message>invalid input</message>
</record>
<record>
  <date>2018-11-28T23:14:38.475228Z</date>
  <millis>1543446878475</millis>
  <nanos>228000</nanos>
  <sequence>8</sequence>
  <logger>edu.neu.csye6200.ui.PlantApp</logger>
  <level>INFO</level>
  <class>edu.neu.csye6200.ui.PlantApp</class>
  <method>windowDeactivated</method>
  <thread>17</thread>
  <message>Window deactivated</message>
</record>
<record>
  <date>2018-11-28T23:14:42.987547Z</date>
  <millis>1543446882987</millis>
  <nanos>547000</nanos>
  <sequence>9</sequence>
  <logger>edu.neu.csye6200.ui.PlantApp</logger>
  <level>INFO</level>
  <class>edu.neu.csye6200.ui.PlantApp</class>
  <method>windowActivated</method>
  <thread>17</thread>
  <message>Window activated</message>
</record>
<record>
  <date>2018-11-28T23:14:58.371281Z</date>
  <millis>1543446898371</millis>
  <nanos>281000</nanos>
  <sequence>10</sequence>
  <logger>edu.neu.csye6200.bg.BGRule</logger>
  <level>INFO</level>
  <class>edu.neu.csye6200.bg.BGRule</class>
  <method>&lt;init&gt;</method>
  <thread>17</thread>
  <message>An instance of BGRule is created</message>
</record>
<record>
  <date>2018-11-28T23:14:58.371959Z</date>
  <millis>1543446898371</millis>
  <nanos>959000</nanos>
  <sequence>11</sequence>
  <logger>edu.neu.csye6200.bg.BGGeneration</logger>
  <level>INFO</level>
  <class>edu.neu.csye6200.bg.BGGeneration</class>
  <method>&lt;init&gt;</method>
  <thread>17</thread>
  <message>An instance of BGGenration is created</message>
</record>
<record>
  <date>2018-11-28T23:14:58.443177Z</date>
  <millis>1543446898443</millis>
  <nanos>177000</nanos>
  <sequence>12</sequence>
  <logger>edu.neu.csye6200.ui.BGCanvas</logger>
  <level>INFO</level>
  <class>edu.neu.csye6200.ui.BGCanvas</class>
  <method>drawBG</method>
  <thread>17</thread>
  <message>Drawing BG 2</message>
</record>
<record>
  <date>2018-11-28T23:15:00.261027Z</date>
  <millis>1543446900261</millis>
  <nanos>27000</nanos>
  <sequence>13</sequence>
  <logger>edu.neu.csye6200.bg.BGRule</logger>
  <level>INFO</level>
  <class>edu.neu.csye6200.bg.BGRule</class>
  <method>&lt;init&gt;</method>
  <thread>17</thread>
  <message>An instance of BGRule is created</message>
</record>
<record>
  <date>2018-11-28T23:15:00.261742Z</date>
  <millis>1543446900261</millis>
  <nanos>742000</nanos>
  <sequence>14</sequence>
  <logger>edu.neu.csye6200.bg.BGGeneration</logger>
  <level>INFO</level>
  <class>edu.neu.csye6200.bg.BGGeneration</class>
  <method>&lt;init&gt;</method>
  <thread>17</thread>
  <message>An instance of BGGenration is created</message>
</record>
<record>
  <date>2018-11-28T23:15:00.339386Z</date>
  <millis>1543446900339</millis>
  <nanos>386000</nanos>
  <sequence>15</sequence>
  <logger>edu.neu.csye6200.ui.BGCanvas</logger>
  <level>INFO</level>
  <class>edu.neu.csye6200.ui.BGCanvas</class>
  <method>drawBG</method>
  <thread>17</thread>
  <message>Drawing BG 3</message>
</record>
<record>
  <date>2018-11-28T23:15:01.300029Z</date>
  <millis>1543446901300</millis>
  <nanos>29000</nanos>
  <sequence>16</sequence>
  <logger>edu.neu.csye6200.bg.BGRule</logger>
  <level>INFO</level>
  <class>edu.neu.csye6200.bg.BGRule</class>
  <method>&lt;init&gt;</method>
  <thread>17</thread>
  <message>An instance of BGRule is created</message>
</record>
<record>
  <date>2018-11-28T23:15:01.300686Z</date>
  <millis>1543446901300</millis>
  <nanos>686000</nanos>
  <sequence>17</sequence>
  <logger>edu.neu.csye6200.bg.BGGeneration</logger>
  <level>INFO</level>
  <class>edu.neu.csye6200.bg.BGGeneration</class>
  <method>&lt;init&gt;</method>
  <thread>17</thread>
  <message>An instance of BGGenration is created</message>
</record>
<record>
  <date>2018-11-28T23:15:01.357584Z</date>
  <millis>1543446901357</millis>
  <nanos>584000</nanos>
  <sequence>18</sequence>
  <logger>edu.neu.csye6200.ui.BGCanvas</logger>
  <level>INFO</level>
  <class>edu.neu.csye6200.ui.BGCanvas</class>
  <method>drawBG</method>
  <thread>17</thread>
  <message>Drawing BG 4</message>
</record>
<record>
  <date>2018-11-28T23:15:02.343586Z</date>
  <millis>1543446902343</millis>
  <nanos>586000</nanos>
  <sequence>19</sequence>
  <logger>edu.neu.csye6200.bg.BGRule</logger>
  <level>INFO</level>
  <class>edu.neu.csye6200.bg.BGRule</class>
  <method>&lt;init&gt;</method>
  <thread>17</thread>
  <message>An instance of BGRule is created</message>
</record>
<record>
  <date>2018-11-28T23:15:02.344208Z</date>
  <millis>1543446902344</millis>
  <nanos>208000</nanos>
  <sequence>20</sequence>
  <logger>edu.neu.csye6200.bg.BGGeneration</logger>
  <level>INFO</level>
  <class>edu.neu.csye6200.bg.BGGeneration</class>
  <method>&lt;init&gt;</method>
  <thread>17</thread>
  <message>An instance of BGGenration is created</message>
</record>
<record>
  <date>2018-11-28T23:15:02.411677Z</date>
  <millis>1543446902411</millis>
  <nanos>677000</nanos>
  <sequence>21</sequence>
  <logger>edu.neu.csye6200.ui.BGCanvas</logger>
  <level>INFO</level>
  <class>edu.neu.csye6200.ui.BGCanvas</class>
  <method>drawBG</method>
  <thread>17</thread>
  <message>Drawing BG 5</message>
</record>
<record>
  <date>2018-11-28T23:15:04.546513Z</date>
  <millis>1543446904546</millis>
  <nanos>513000</nanos>
  <sequence>22</sequence>
  <logger>edu.neu.csye6200.bg.BGRule</logger>
  <level>INFO</level>
  <class>edu.neu.csye6200.bg.BGRule</class>
  <method>&lt;init&gt;</method>
  <thread>17</thread>
  <message>An instance of BGRule is created</message>
</record>
<record>
  <date>2018-11-28T23:15:04.547209Z</date>
  <millis>1543446904547</millis>
  <nanos>209000</nanos>
  <sequence>23</sequence>
  <logger>edu.neu.csye6200.bg.BGGeneration</logger>
  <level>INFO</level>
  <class>edu.neu.csye6200.bg.BGGeneration</class>
  <method>&lt;init&gt;</method>
  <thread>17</thread>
  <message>An instance of BGGenration is created</message>
</record>
<record>
  <date>2018-11-28T23:15:04.603183Z</date>
  <millis>1543446904603</millis>
  <nanos>183000</nanos>
  <sequence>24</sequence>
  <logger>edu.neu.csye6200.ui.BGCanvas</logger>
  <level>INFO</level>
  <class>edu.neu.csye6200.ui.BGCanvas</class>
  <method>drawBG</method>
  <thread>17</thread>
  <message>Drawing BG 6</message>
</record>
<record>
  <date>2018-11-28T23:15:07.084673Z</date>
  <millis>1543446907084</millis>
  <nanos>673000</nanos>
  <sequence>25</sequence>
  <logger>edu.neu.csye6200.bg.BGRule</logger>
  <level>INFO</level>
  <class>edu.neu.csye6200.bg.BGRule</class>
  <method>&lt;init&gt;</method>
  <thread>17</thread>
  <message>An instance of BGRule is created</message>
</record>
<record>
  <date>2018-11-28T23:15:07.085203Z</date>
  <millis>1543446907085</millis>
  <nanos>203000</nanos>
  <sequence>26</sequence>
  <logger>edu.neu.csye6200.bg.BGGeneration</logger>
  <level>INFO</level>
  <class>edu.neu.csye6200.bg.BGGeneration</class>
  <method>&lt;init&gt;</method>
  <thread>17</thread>
  <message>An instance of BGGenration is created</message>
</record>
<record>
  <date>2018-11-28T23:15:07.139850Z</date>
  <millis>1543446907139</millis>
  <nanos>850000</nanos>
  <sequence>27</sequence>
  <logger>edu.neu.csye6200.ui.BGCanvas</logger>
  <level>INFO</level>
  <class>edu.neu.csye6200.ui.BGCanvas</class>
  <method>drawBG</method>
  <thread>17</thread>
  <message>Drawing BG 7</message>
</record>
<record>
  <date>2018-11-28T23:15:10.996870Z</date>
  <millis>1543446910996</millis>
  <nanos>870000</nanos>
  <sequence>28</sequence>
  <logger>edu.neu.csye6200.bg.BGRule</logger>
  <level>INFO</level>
  <class>edu.neu.csye6200.bg.BGRule</class>
  <method>&lt;init&gt;</method>
  <thread>17</thread>
  <message>An instance of BGRule is created</message>
</record>
<record>
  <date>2018-11-28T23:15:10.997427Z</date>
  <millis>1543446910997</millis>
  <nanos>427000</nanos>
  <sequence>29</sequence>
  <logger>edu.neu.csye6200.bg.BGGeneration</logger>
  <level>INFO</level>
  <class>edu.neu.csye6200.bg.BGGeneration</class>
  <method>&lt;init&gt;</method>
  <thread>17</thread>
  <message>An instance of BGGenration is created</message>
</record>
<record>
  <date>2018-11-28T23:15:10.998228Z</date>
  <millis>1543446910998</millis>
  <nanos>228000</nanos>
  <sequence>30</sequence>
  <logger>edu.neu.csye6200.ui.BGCanvas</logger>
  <level>INFO</level>
  <class>edu.neu.csye6200.ui.BGCanvas</class>
  <method>drawBG</method>
  <thread>17</thread>
  <message>Drawing BG 8</message>
</record>
<record>
  <date>2018-11-28T23:15:11.427632Z</date>
  <millis>1543446911427</millis>
  <nanos>632000</nanos>
  <sequence>31</sequence>
  <logger>edu.neu.csye6200.bg.BGRule</logger>
  <level>INFO</level>
  <class>edu.neu.csye6200.bg.BGRule</class>
  <method>&lt;init&gt;</method>
  <thread>17</thread>
  <message>An instance of BGRule is created</message>
</record>
<record>
  <date>2018-11-28T23:15:11.428170Z</date>
  <millis>1543446911428</millis>
  <nanos>170000</nanos>
  <sequence>32</sequence>
  <logger>edu.neu.csye6200.bg.BGGeneration</logger>
  <level>INFO</level>
  <class>edu.neu.csye6200.bg.BGGeneration</class>
  <method>&lt;init&gt;</method>
  <thread>17</thread>
  <message>An instance of BGGenration is created</message>
</record>
<record>
  <date>2018-11-28T23:15:11.428751Z</date>
  <millis>1543446911428</millis>
  <nanos>751000</nanos>
  <sequence>33</sequence>
  <logger>edu.neu.csye6200.ui.BGCanvas</logger>
  <level>INFO</level>
  <class>edu.neu.csye6200.ui.BGCanvas</class>
  <method>drawBG</method>
  <thread>17</thread>
  <message>Drawing BG 9</message>
</record>
<record>
  <date>2018-11-28T23:15:11.916897Z</date>
  <millis>1543446911916</millis>
  <nanos>897000</nanos>
  <sequence>34</sequence>
  <logger>edu.neu.csye6200.bg.BGRule</logger>
  <level>INFO</level>
  <class>edu.neu.csye6200.bg.BGRule</class>
  <method>&lt;init&gt;</method>
  <thread>17</thread>
  <message>An instance of BGRule is created</message>
</record>
<record>
  <date>2018-11-28T23:15:11.917467Z</date>
  <millis>1543446911917</millis>
  <nanos>467000</nanos>
  <sequence>35</sequence>
  <logger>edu.neu.csye6200.bg.BGGeneration</logger>
  <level>INFO</level>
  <class>edu.neu.csye6200.bg.BGGeneration</class>
  <method>&lt;init&gt;</method>
  <thread>17</thread>
  <message>An instance of BGGenration is created</message>
</record>
<record>
  <date>2018-11-28T23:15:11.918137Z</date>
  <millis>1543446911918</millis>
  <nanos>137000</nanos>
  <sequence>36</sequence>
  <logger>edu.neu.csye6200.ui.BGCanvas</logger>
  <level>INFO</level>
  <class>edu.neu.csye6200.ui.BGCanvas</class>
  <method>drawBG</method>
  <thread>17</thread>
  <message>Drawing BG 10</message>
</record>
<record>
  <date>2018-11-28T23:15:12.377757Z</date>
  <millis>1543446912377</millis>
  <nanos>757000</nanos>
  <sequence>37</sequence>
  <logger>edu.neu.csye6200.bg.BGRule</logger>
  <level>INFO</level>
  <class>edu.neu.csye6200.bg.BGRule</class>
  <method>&lt;init&gt;</method>
  <thread>17</thread>
  <message>An instance of BGRule is created</message>
</record>
<record>
  <date>2018-11-28T23:15:12.378299Z</date>
  <millis>1543446912378</millis>
  <nanos>299000</nanos>
  <sequence>38</sequence>
  <logger>edu.neu.csye6200.bg.BGGeneration</logger>
  <level>INFO</level>
  <class>edu.neu.csye6200.bg.BGGeneration</class>
  <method>&lt;init&gt;</method>
  <thread>17</thread>
  <message>An instance of BGGenration is created</message>
</record>
<record>
  <date>2018-11-28T23:15:12.378803Z</date>
  <millis>1543446912378</millis>
  <nanos>803000</nanos>
  <sequence>39</sequence>
  <logger>edu.neu.csye6200.ui.BGCanvas</logger>
  <level>INFO</level>
  <class>edu.neu.csye6200.ui.BGCanvas</class>
  <method>drawBG</method>
  <thread>17</thread>
  <message>Drawing BG 11</message>
</record>
<record>
  <date>2018-11-28T23:15:12.925274Z</date>
  <millis>1543446912925</millis>
  <nanos>274000</nanos>
  <sequence>40</sequence>
  <logger>edu.neu.csye6200.bg.BGRule</logger>
  <level>INFO</level>
  <class>edu.neu.csye6200.bg.BGRule</class>
  <method>&lt;init&gt;</method>
  <thread>17</thread>
  <message>An instance of BGRule is created</message>
</record>
<record>
  <date>2018-11-28T23:15:12.925864Z</date>
  <millis>1543446912925</millis>
  <nanos>864000</nanos>
  <sequence>41</sequence>
  <logger>edu.neu.csye6200.bg.BGGeneration</logger>
  <level>INFO</level>
  <class>edu.neu.csye6200.bg.BGGeneration</class>
  <method>&lt;init&gt;</method>
  <thread>17</thread>
  <message>An instance of BGGenration is created</message>
</record>
<record>
  <date>2018-11-28T23:15:12.926492Z</date>
  <millis>1543446912926</millis>
  <nanos>492000</nanos>
  <sequence>42</sequence>
  <logger>edu.neu.csye6200.ui.BGCanvas</logger>
  <level>INFO</level>
  <class>edu.neu.csye6200.ui.BGCanvas</class>
  <method>drawBG</method>
  <thread>17</thread>
  <message>Drawing BG 12</message>
</record>
<record>
  <date>2018-11-28T23:15:14.121815Z</date>
  <millis>1543446914121</millis>
  <nanos>815000</nanos>
  <sequence>43</sequence>
  <logger>edu.neu.csye6200.bg.BGRule</logger>
  <level>INFO</level>
  <class>edu.neu.csye6200.bg.BGRule</class>
  <method>&lt;init&gt;</method>
  <thread>17</thread>
  <message>An instance of BGRule is created</message>
</record>
<record>
  <date>2018-11-28T23:15:14.122360Z</date>
  <millis>1543446914122</millis>
  <nanos>360000</nanos>
  <sequence>44</sequence>
  <logger>edu.neu.csye6200.bg.BGGeneration</logger>
  <level>INFO</level>
  <class>edu.neu.csye6200.bg.BGGeneration</class>
  <method>&lt;init&gt;</method>
  <thread>17</thread>
  <message>An instance of BGGenration is created</message>
</record>
<record>
  <date>2018-11-28T23:15:14.123080Z</date>
  <millis>1543446914123</millis>
  <nanos>80000</nanos>
  <sequence>45</sequence>
  <logger>edu.neu.csye6200.ui.BGCanvas</logger>
  <level>INFO</level>
  <class>edu.neu.csye6200.ui.BGCanvas</class>
  <method>drawBG</method>
  <thread>17</thread>
  <message>Drawing BG 13</message>
</record>
<record>
  <date>2018-11-28T23:15:15.151554Z</date>
  <millis>1543446915151</millis>
  <nanos>554000</nanos>
  <sequence>46</sequence>
  <logger>edu.neu.csye6200.bg.BGRule</logger>
  <level>INFO</level>
  <class>edu.neu.csye6200.bg.BGRule</class>
  <method>&lt;init&gt;</method>
  <thread>17</thread>
  <message>An instance of BGRule is created</message>
</record>
<record>
  <date>2018-11-28T23:15:15.152065Z</date>
  <millis>1543446915152</millis>
  <nanos>65000</nanos>
  <sequence>47</sequence>
  <logger>edu.neu.csye6200.bg.BGGeneration</logger>
  <level>INFO</level>
  <class>edu.neu.csye6200.bg.BGGeneration</class>
  <method>&lt;init&gt;</method>
  <thread>17</thread>
  <message>An instance of BGGenration is created</message>
</record>
<record>
  <date>2018-11-28T23:15:15.152715Z</date>
  <millis>1543446915152</millis>
  <nanos>715000</nanos>
  <sequence>48</sequence>
  <logger>edu.neu.csye6200.ui.BGCanvas</logger>
  <level>INFO</level>
  <class>edu.neu.csye6200.ui.BGCanvas</class>
  <method>drawBG</method>
  <thread>17</thread>
  <message>Drawing BG 14</message>
</record>
<record>
  <date>2018-11-28T23:15:17.466381Z</date>
  <millis>1543446917466</millis>
  <nanos>381000</nanos>
  <sequence>49</sequence>
  <logger>edu.neu.csye6200.bg.BGRule</logger>
  <level>INFO</level>
  <class>edu.neu.csye6200.bg.BGRule</class>
  <method>&lt;init&gt;</method>
  <thread>17</thread>
  <message>An instance of BGRule is created</message>
</record>
<record>
  <date>2018-11-28T23:15:17.466885Z</date>
  <millis>1543446917466</millis>
  <nanos>885000</nanos>
  <sequence>50</sequence>
  <logger>edu.neu.csye6200.bg.BGGeneration</logger>
  <level>INFO</level>
  <class>edu.neu.csye6200.bg.BGGeneration</class>
  <method>&lt;init&gt;</method>
  <thread>17</thread>
  <message>An instance of BGGenration is created</message>
</record>
<record>
  <date>2018-11-28T23:15:17.467424Z</date>
  <millis>1543446917467</millis>
  <nanos>424000</nanos>
  <sequence>51</sequence>
  <logger>edu.neu.csye6200.ui.BGCanvas</logger>
  <level>INFO</level>
  <class>edu.neu.csye6200.ui.BGCanvas</class>
  <method>drawBG</method>
  <thread>17</thread>
  <message>Drawing BG 15</message>
</record>
<record>
  <date>2018-11-28T23:15:21.699477Z</date>
  <millis>1543446921699</millis>
  <nanos>477000</nanos>
  <sequence>52</sequence>
  <logger>edu.neu.csye6200.bg.BGRule</logger>
  <level>INFO</level>
  <class>edu.neu.csye6200.bg.BGRule</class>
  <method>&lt;init&gt;</method>
  <thread>17</thread>
  <message>An instance of BGRule is created</message>
</record>
<record>
  <date>2018-11-28T23:15:21.699964Z</date>
  <millis>1543446921699</millis>
  <nanos>964000</nanos>
  <sequence>53</sequence>
  <logger>edu.neu.csye6200.bg.BGGeneration</logger>
  <level>INFO</level>
  <class>edu.neu.csye6200.bg.BGGeneration</class>
  <method>&lt;init&gt;</method>
  <thread>17</thread>
  <message>An instance of BGGenration is created</message>
</record>
<record>
  <date>2018-11-28T23:15:21.700485Z</date>
  <millis>1543446921700</millis>
  <nanos>485000</nanos>
  <sequence>54</sequence>
  <logger>edu.neu.csye6200.ui.BGCanvas</logger>
  <level>INFO</level>
  <class>edu.neu.csye6200.ui.BGCanvas</class>
  <method>drawBG</method>
  <thread>17</thread>
  <message>Drawing BG 16</message>
</record>
<record>
  <date>2018-11-28T23:15:27.773558Z</date>
  <millis>1543446927773</millis>
  <nanos>558000</nanos>
  <sequence>55</sequence>
  <logger>edu.neu.csye6200.bg.BGRule</logger>
  <level>INFO</level>
  <class>edu.neu.csye6200.bg.BGRule</class>
  <method>&lt;init&gt;</method>
  <thread>17</thread>
  <message>An instance of BGRule is created</message>
</record>
<record>
  <date>2018-11-28T23:15:27.774262Z</date>
  <millis>1543446927774</millis>
  <nanos>262000</nanos>
  <sequence>56</sequence>
  <logger>edu.neu.csye6200.bg.BGGeneration</logger>
  <level>INFO</level>
  <class>edu.neu.csye6200.bg.BGGeneration</class>
  <method>&lt;init&gt;</method>
  <thread>17</thread>
  <message>An instance of BGGenration is created</message>
</record>
<record>
  <date>2018-11-28T23:15:27.774789Z</date>
  <millis>1543446927774</millis>
  <nanos>789000</nanos>
  <sequence>57</sequence>
  <logger>edu.neu.csye6200.ui.BGCanvas</logger>
  <level>INFO</level>
  <class>edu.neu.csye6200.ui.BGCanvas</class>
  <method>drawBG</method>
  <thread>17</thread>
  <message>Drawing BG 17</message>
</record>
<record>
  <date>2018-11-28T23:15:28.269169Z</date>
  <millis>1543446928269</millis>
  <nanos>169000</nanos>
  <sequence>58</sequence>
  <logger>edu.neu.csye6200.bg.BGRule</logger>
  <level>INFO</level>
  <class>edu.neu.csye6200.bg.BGRule</class>
  <method>&lt;init&gt;</method>
  <thread>17</thread>
  <message>An instance of BGRule is created</message>
</record>
<record>
  <date>2018-11-28T23:15:28.269708Z</date>
  <millis>1543446928269</millis>
  <nanos>708000</nanos>
  <sequence>59</sequence>
  <logger>edu.neu.csye6200.bg.BGGeneration</logger>
  <level>INFO</level>
  <class>edu.neu.csye6200.bg.BGGeneration</class>
  <method>&lt;init&gt;</method>
  <thread>17</thread>
  <message>An instance of BGGenration is created</message>
</record>
<record>
  <date>2018-11-28T23:15:28.270270Z</date>
  <millis>1543446928270</millis>
  <nanos>270000</nanos>
  <sequence>60</sequence>
  <logger>edu.neu.csye6200.ui.BGCanvas</logger>
  <level>INFO</level>
  <class>edu.neu.csye6200.ui.BGCanvas</class>
  <method>drawBG</method>
  <thread>17</thread>
  <message>Drawing BG 18</message>
</record>
<record>
  <date>2018-11-28T23:15:28.867718Z</date>
  <millis>1543446928867</millis>
  <nanos>718000</nanos>
  <sequence>61</sequence>
  <logger>edu.neu.csye6200.bg.BGRule</logger>
  <level>INFO</level>
  <class>edu.neu.csye6200.bg.BGRule</class>
  <method>&lt;init&gt;</method>
  <thread>17</thread>
  <message>An instance of BGRule is created</message>
</record>
<record>
  <date>2018-11-28T23:15:28.868196Z</date>
  <millis>1543446928868</millis>
  <nanos>196000</nanos>
  <sequence>62</sequence>
  <logger>edu.neu.csye6200.bg.BGGeneration</logger>
  <level>INFO</level>
  <class>edu.neu.csye6200.bg.BGGeneration</class>
  <method>&lt;init&gt;</method>
  <thread>17</thread>
  <message>An instance of BGGenration is created</message>
</record>
<record>
  <date>2018-11-28T23:15:28.868777Z</date>
  <millis>1543446928868</millis>
  <nanos>777000</nanos>
  <sequence>63</sequence>
  <logger>edu.neu.csye6200.ui.BGCanvas</logger>
  <level>INFO</level>
  <class>edu.neu.csye6200.ui.BGCanvas</class>
  <method>drawBG</method>
  <thread>17</thread>
  <message>Drawing BG 19</message>
</record>
<record>
  <date>2018-11-28T23:15:29.422218Z</date>
  <millis>1543446929422</millis>
  <nanos>218000</nanos>
  <sequence>64</sequence>
  <logger>edu.neu.csye6200.bg.BGRule</logger>
  <level>INFO</level>
  <class>edu.neu.csye6200.bg.BGRule</class>
  <method>&lt;init&gt;</method>
  <thread>17</thread>
  <message>An instance of BGRule is created</message>
</record>
<record>
  <date>2018-11-28T23:15:29.422766Z</date>
  <millis>1543446929422</millis>
  <nanos>766000</nanos>
  <sequence>65</sequence>
  <logger>edu.neu.csye6200.bg.BGGeneration</logger>
  <level>INFO</level>
  <class>edu.neu.csye6200.bg.BGGeneration</class>
  <method>&lt;init&gt;</method>
  <thread>17</thread>
  <message>An instance of BGGenration is created</message>
</record>
<record>
  <date>2018-11-28T23:15:29.423320Z</date>
  <millis>1543446929423</millis>
  <nanos>320000</nanos>
  <sequence>66</sequence>
  <logger>edu.neu.csye6200.ui.BGCanvas</logger>
  <level>INFO</level>
  <class>edu.neu.csye6200.ui.BGCanvas</class>
  <method>drawBG</method>
  <thread>17</thread>
  <message>Drawing BG 20</message>
</record>
<record>
  <date>2018-11-28T23:15:29.988313Z</date>
  <millis>1543446929988</millis>
  <nanos>313000</nanos>
  <sequence>67</sequence>
  <logger>edu.neu.csye6200.bg.BGRule</logger>
  <level>INFO</level>
  <class>edu.neu.csye6200.bg.BGRule</class>
  <method>&lt;init&gt;</method>
  <thread>17</thread>
  <message>An instance of BGRule is created</message>
</record>
<record>
  <date>2018-11-28T23:15:29.988751Z</date>
  <millis>1543446929988</millis>
  <nanos>751000</nanos>
  <sequence>68</sequence>
  <logger>edu.neu.csye6200.bg.BGGeneration</logger>
  <level>INFO</level>
  <class>edu.neu.csye6200.bg.BGGeneration</class>
  <method>&lt;init&gt;</method>
  <thread>17</thread>
  <message>An instance of BGGenration is created</message>
</record>
<record>
  <date>2018-11-28T23:15:29.989210Z</date>
  <millis>1543446929989</millis>
  <nanos>210000</nanos>
  <sequence>69</sequence>
  <logger>edu.neu.csye6200.ui.BGCanvas</logger>
  <level>INFO</level>
  <class>edu.neu.csye6200.ui.BGCanvas</class>
  <method>drawBG</method>
  <thread>17</thread>
  <message>Drawing BG 21</message>
</record>
<record>
  <date>2018-11-28T23:15:31.017331Z</date>
  <millis>1543446931017</millis>
  <nanos>331000</nanos>
  <sequence>70</sequence>
  <logger>edu.neu.csye6200.bg.BGRule</logger>
  <level>INFO</level>
  <class>edu.neu.csye6200.bg.BGRule</class>
  <method>&lt;init&gt;</method>
  <thread>17</thread>
  <message>An instance of BGRule is created</message>
</record>
<record>
  <date>2018-11-28T23:15:31.017835Z</date>
  <millis>1543446931017</millis>
  <nanos>835000</nanos>
  <sequence>71</sequence>
  <logger>edu.neu.csye6200.bg.BGGeneration</logger>
  <level>INFO</level>
  <class>edu.neu.csye6200.bg.BGGeneration</class>
  <method>&lt;init&gt;</method>
  <thread>17</thread>
  <message>An instance of BGGenration is created</message>
</record>
<record>
  <date>2018-11-28T23:15:31.018288Z</date>
  <millis>1543446931018</millis>
  <nanos>288000</nanos>
  <sequence>72</sequence>
  <logger>edu.neu.csye6200.ui.BGCanvas</logger>
  <level>INFO</level>
  <class>edu.neu.csye6200.ui.BGCanvas</class>
  <method>drawBG</method>
  <thread>17</thread>
  <message>Drawing BG 22</message>
</record>
<record>
  <date>2018-11-28T23:15:31.647400Z</date>
  <millis>1543446931647</millis>
  <nanos>400000</nanos>
  <sequence>73</sequence>
  <logger>edu.neu.csye6200.bg.BGRule</logger>
  <level>INFO</level>
  <class>edu.neu.csye6200.bg.BGRule</class>
  <method>&lt;init&gt;</method>
  <thread>17</thread>
  <message>An instance of BGRule is created</message>
</record>
<record>
  <date>2018-11-28T23:15:31.647811Z</date>
  <millis>1543446931647</millis>
  <nanos>811000</nanos>
  <sequence>74</sequence>
  <logger>edu.neu.csye6200.bg.BGGeneration</logger>
  <level>INFO</level>
  <class>edu.neu.csye6200.bg.BGGeneration</class>
  <method>&lt;init&gt;</method>
  <thread>17</thread>
  <message>An instance of BGGenration is created</message>
</record>
<record>
  <date>2018-11-28T23:15:31.648263Z</date>
  <millis>1543446931648</millis>
  <nanos>263000</nanos>
  <sequence>75</sequence>
  <logger>edu.neu.csye6200.ui.BGCanvas</logger>
  <level>INFO</level>
  <class>edu.neu.csye6200.ui.BGCanvas</class>
  <method>drawBG</method>
  <thread>17</thread>
  <message>Drawing BG 23</message>
</record>
<record>
  <date>2018-11-28T23:15:32.262855Z</date>
  <millis>1543446932262</millis>
  <nanos>855000</nanos>
  <sequence>76</sequence>
  <logger>edu.neu.csye6200.bg.BGRule</logger>
  <level>INFO</level>
  <class>edu.neu.csye6200.bg.BGRule</class>
  <method>&lt;init&gt;</method>
  <thread>17</thread>
  <message>An instance of BGRule is created</message>
</record>
<record>
  <date>2018-11-28T23:15:32.263313Z</date>
  <millis>1543446932263</millis>
  <nanos>313000</nanos>
  <sequence>77</sequence>
  <logger>edu.neu.csye6200.bg.BGGeneration</logger>
  <level>INFO</level>
  <class>edu.neu.csye6200.bg.BGGeneration</class>
  <method>&lt;init&gt;</method>
  <thread>17</thread>
  <message>An instance of BGGenration is created</message>
</record>
<record>
  <date>2018-11-28T23:15:32.263765Z</date>
  <millis>1543446932263</millis>
  <nanos>765000</nanos>
  <sequence>78</sequence>
  <logger>edu.neu.csye6200.ui.BGCanvas</logger>
  <level>INFO</level>
  <class>edu.neu.csye6200.ui.BGCanvas</class>
  <method>drawBG</method>
  <thread>17</thread>
  <message>Drawing BG 24</message>
</record>
<record>
  <date>2018-11-28T23:15:32.917098Z</date>
  <millis>1543446932917</millis>
  <nanos>98000</nanos>
  <sequence>79</sequence>
  <logger>edu.neu.csye6200.bg.BGRule</logger>
  <level>INFO</level>
  <class>edu.neu.csye6200.bg.BGRule</class>
  <method>&lt;init&gt;</method>
  <thread>17</thread>
  <message>An instance of BGRule is created</message>
</record>
<record>
  <date>2018-11-28T23:15:32.917545Z</date>
  <millis>1543446932917</millis>
  <nanos>545000</nanos>
  <sequence>80</sequence>
  <logger>edu.neu.csye6200.bg.BGGeneration</logger>
  <level>INFO</level>
  <class>edu.neu.csye6200.bg.BGGeneration</class>
  <method>&lt;init&gt;</method>
  <thread>17</thread>
  <message>An instance of BGGenration is created</message>
</record>
<record>
  <date>2018-11-28T23:15:32.918017Z</date>
  <millis>1543446932918</millis>
  <nanos>17000</nanos>
  <sequence>81</sequence>
  <logger>edu.neu.csye6200.ui.BGCanvas</logger>
  <level>INFO</level>
  <class>edu.neu.csye6200.ui.BGCanvas</class>
  <method>drawBG</method>
  <thread>17</thread>
  <message>Drawing BG 25</message>
</record>
<record>
  <date>2018-11-28T23:15:33.606987Z</date>
  <millis>1543446933606</millis>
  <nanos>987000</nanos>
  <sequence>82</sequence>
  <logger>edu.neu.csye6200.bg.BGRule</logger>
  <level>INFO</level>
  <class>edu.neu.csye6200.bg.BGRule</class>
  <method>&lt;init&gt;</method>
  <thread>17</thread>
  <message>An instance of BGRule is created</message>
</record>
<record>
  <date>2018-11-28T23:15:33.607435Z</date>
  <millis>1543446933607</millis>
  <nanos>435000</nanos>
  <sequence>83</sequence>
  <logger>edu.neu.csye6200.bg.BGGeneration</logger>
  <level>INFO</level>
  <class>edu.neu.csye6200.bg.BGGeneration</class>
  <method>&lt;init&gt;</method>
  <thread>17</thread>
  <message>An instance of BGGenration is created</message>
</record>
<record>
  <date>2018-11-28T23:15:33.607942Z</date>
  <millis>1543446933607</millis>
  <nanos>942000</nanos>
  <sequence>84</sequence>
  <logger>edu.neu.csye6200.ui.BGCanvas</logger>
  <level>INFO</level>
  <class>edu.neu.csye6200.ui.BGCanvas</class>
  <method>drawBG</method>
  <thread>17</thread>
  <message>Drawing BG 26</message>
</record>
<record>
  <date>2018-11-28T23:15:40.996097Z</date>
  <millis>1543446940996</millis>
  <nanos>97000</nanos>
  <sequence>85</sequence>
  <logger>edu.neu.csye6200.bg.BGRule</logger>
  <level>INFO</level>
  <class>edu.neu.csye6200.bg.BGRule</class>
  <method>&lt;init&gt;</method>
  <thread>17</thread>
  <message>An instance of BGRule is created</message>
</record>
<record>
  <date>2018-11-28T23:15:40.996587Z</date>
  <millis>1543446940996</millis>
  <nanos>587000</nanos>
  <sequence>86</sequence>
  <logger>edu.neu.csye6200.bg.BGGeneration</logger>
  <level>INFO</level>
  <class>edu.neu.csye6200.bg.BGGeneration</class>
  <method>&lt;init&gt;</method>
  <thread>17</thread>
  <message>An instance of BGGenration is created</message>
</record>
<record>
  <date>2018-11-28T23:15:41.003033Z</date>
  <millis>1543446941003</millis>
  <nanos>33000</nanos>
  <sequence>87</sequence>
  <logger>edu.neu.csye6200.ui.BGCanvas</logger>
  <level>INFO</level>
  <class>edu.neu.csye6200.ui.BGCanvas</class>
  <method>drawBG</method>
  <thread>17</thread>
  <message>Drawing BG 27</message>
</record>
<record>
  <date>2018-11-28T23:15:41.746495Z</date>
  <millis>1543446941746</millis>
  <nanos>495000</nanos>
  <sequence>88</sequence>
  <logger>edu.neu.csye6200.bg.BGRule</logger>
  <level>INFO</level>
  <class>edu.neu.csye6200.bg.BGRule</class>
  <method>&lt;init&gt;</method>
  <thread>17</thread>
  <message>An instance of BGRule is created</message>
</record>
<record>
  <date>2018-11-28T23:15:41.746887Z</date>
  <millis>1543446941746</millis>
  <nanos>887000</nanos>
  <sequence>89</sequence>
  <logger>edu.neu.csye6200.bg.BGGeneration</logger>
  <level>INFO</level>
  <class>edu.neu.csye6200.bg.BGGeneration</class>
  <method>&lt;init&gt;</method>
  <thread>17</thread>
  <message>An instance of BGGenration is created</message>
</record>
<record>
  <date>2018-11-28T23:15:41.752779Z</date>
  <millis>1543446941752</millis>
  <nanos>779000</nanos>
  <sequence>90</sequence>
  <logger>edu.neu.csye6200.ui.BGCanvas</logger>
  <level>INFO</level>
  <class>edu.neu.csye6200.ui.BGCanvas</class>
  <method>drawBG</method>
  <thread>17</thread>
  <message>Drawing BG 28</message>
</record>
<record>
  <date>2018-11-28T23:15:42.336184Z</date>
  <millis>1543446942336</millis>
  <nanos>184000</nanos>
  <sequence>91</sequence>
  <logger>edu.neu.csye6200.bg.BGRule</logger>
  <level>INFO</level>
  <class>edu.neu.csye6200.bg.BGRule</class>
  <method>&lt;init&gt;</method>
  <thread>17</thread>
  <message>An instance of BGRule is created</message>
</record>
<record>
  <date>2018-11-28T23:15:42.336597Z</date>
  <millis>1543446942336</millis>
  <nanos>597000</nanos>
  <sequence>92</sequence>
  <logger>edu.neu.csye6200.bg.BGGeneration</logger>
  <level>INFO</level>
  <class>edu.neu.csye6200.bg.BGGeneration</class>
  <method>&lt;init&gt;</method>
  <thread>17</thread>
  <message>An instance of BGGenration is created</message>
</record>
<record>
  <date>2018-11-28T23:15:42.342143Z</date>
  <millis>1543446942342</millis>
  <nanos>143000</nanos>
  <sequence>93</sequence>
  <logger>edu.neu.csye6200.ui.BGCanvas</logger>
  <level>INFO</level>
  <class>edu.neu.csye6200.ui.BGCanvas</class>
  <method>drawBG</method>
  <thread>17</thread>
  <message>Drawing BG 29</message>
</record>
<record>
  <date>2018-11-28T23:15:43.253726Z</date>
  <millis>1543446943253</millis>
  <nanos>726000</nanos>
  <sequence>94</sequence>
  <logger>edu.neu.csye6200.bg.BGRule</logger>
  <level>INFO</level>
  <class>edu.neu.csye6200.bg.BGRule</class>
  <method>&lt;init&gt;</method>
  <thread>17</thread>
  <message>An instance of BGRule is created</message>
</record>
<record>
  <date>2018-11-28T23:15:43.254110Z</date>
  <millis>1543446943254</millis>
  <nanos>110000</nanos>
  <sequence>95</sequence>
  <logger>edu.neu.csye6200.bg.BGGeneration</logger>
  <level>INFO</level>
  <class>edu.neu.csye6200.bg.BGGeneration</class>
  <method>&lt;init&gt;</method>
  <thread>17</thread>
  <message>An instance of BGGenration is created</message>
</record>
<record>
  <date>2018-11-28T23:15:43.259848Z</date>
  <millis>1543446943259</millis>
  <nanos>848000</nanos>
  <sequence>96</sequence>
  <logger>edu.neu.csye6200.ui.BGCanvas</logger>
  <level>INFO</level>
  <class>edu.neu.csye6200.ui.BGCanvas</class>
  <method>drawBG</method>
  <thread>17</thread>
  <message>Drawing BG 30</message>
</record>
<record>
  <date>2018-11-28T23:15:43.851875Z</date>
  <millis>1543446943851</millis>
  <nanos>875000</nanos>
  <sequence>97</sequence>
  <logger>edu.neu.csye6200.bg.BGRule</logger>
  <level>INFO</level>
  <class>edu.neu.csye6200.bg.BGRule</class>
  <method>&lt;init&gt;</method>
  <thread>17</thread>
  <message>An instance of BGRule is created</message>
</record>
<record>
  <date>2018-11-28T23:15:43.852330Z</date>
  <millis>1543446943852</millis>
  <nanos>330000</nanos>
  <sequence>98</sequence>
  <logger>edu.neu.csye6200.bg.BGGeneration</logger>
  <level>INFO</level>
  <class>edu.neu.csye6200.bg.BGGeneration</class>
  <method>&lt;init&gt;</method>
  <thread>17</thread>
  <message>An instance of BGGenration is created</message>
</record>
<record>
  <date>2018-11-28T23:15:43.857966Z</date>
  <millis>1543446943857</millis>
  <nanos>966000</nanos>
  <sequence>99</sequence>
  <logger>edu.neu.csye6200.ui.BGCanvas</logger>
  <level>INFO</level>
  <class>edu.neu.csye6200.ui.BGCanvas</class>
  <method>drawBG</method>
  <thread>17</thread>
  <message>Drawing BG 31</message>
</record>
<record>
  <date>2018-11-28T23:15:44.736665Z</date>
  <millis>1543446944736</millis>
  <nanos>665000</nanos>
  <sequence>100</sequence>
  <logger>edu.neu.csye6200.bg.BGRule</logger>
  <level>INFO</level>
  <class>edu.neu.csye6200.bg.BGRule</class>
  <method>&lt;init&gt;</method>
  <thread>17</thread>
  <message>An instance of BGRule is created</message>
</record>
<record>
  <date>2018-11-28T23:15:44.737047Z</date>
  <millis>1543446944737</millis>
  <nanos>47000</nanos>
  <sequence>101</sequence>
  <logger>edu.neu.csye6200.bg.BGGeneration</logger>
  <level>INFO</level>
  <class>edu.neu.csye6200.bg.BGGeneration</class>
  <method>&lt;init&gt;</method>
  <thread>17</thread>
  <message>An instance of BGGenration is created</message>
</record>
<record>
  <date>2018-11-28T23:15:44.742774Z</date>
  <millis>1543446944742</millis>
  <nanos>774000</nanos>
  <sequence>102</sequence>
  <logger>edu.neu.csye6200.ui.BGCanvas</logger>
  <level>INFO</level>
  <class>edu.neu.csye6200.ui.BGCanvas</class>
  <method>drawBG</method>
  <thread>17</thread>
  <message>Drawing BG 32</message>
</record>
<record>
  <date>2018-11-28T23:15:46.687574Z</date>
  <millis>1543446946687</millis>
  <nanos>574000</nanos>
  <sequence>103</sequence>
  <logger>edu.neu.csye6200.ui.PlantApp</logger>
  <level>INFO</level>
  <class>edu.neu.csye6200.ui.PlantApp</class>
  <method>windowClosing</method>
  <thread>17</thread>
  <message>Window closing</message>
</record>
</log>
