<?xml version="1.0" encoding="UTF-8" standalone="no"?>
<!DOCTYPE log SYSTEM "logger.dtd">
<log>
<record>
  <date>2018-11-14T21:49:56.435467Z</date>
  <millis>1542232196435</millis>
  <nanos>467000</nanos>
  <sequence>2</sequence>
  <logger>edu.neu.csye6200.bg.PlantSimUI</logger>
  <level>INFO</level>
  <class>edu.neu.csye6200.bg.PlantSimUI</class>
  <method>main</method>
  <thread>1</thread>
  <message>My App exits</message>
</record>
<record>
  <date>2018-11-14T21:49:57.737336Z</date>
  <millis>1542232197737</millis>
  <nanos>336000</nanos>
  <sequence>3</sequence>
  <logger>edu.neu.csye6200.bg.PlantSimUI</logger>
  <level>INFO</level>
  <class>edu.neu.csye6200.bg.BGRule</class>
  <method>&lt;init&gt;</method>
  <thread>18</thread>
  <message>An instance of BGRule is created</message>
</record>
<record>
  <date>2018-11-14T21:49:57.738341Z</date>
  <millis>1542232197738</millis>
  <nanos>341000</nanos>
  <sequence>4</sequence>
  <logger>edu.neu.csye6200.bg.PlantSimUI</logger>
  <level>INFO</level>
  <class>edu.neu.csye6200.bg.BGGeneration</class>
  <method>&lt;init&gt;</method>
  <thread>18</thread>
  <message>An instance of BGGenration is created</message>
</record>
<record>
  <date>2018-11-14T21:50:01.587381Z</date>
  <millis>1542232201587</millis>
  <nanos>381000</nanos>
  <sequence>5</sequence>
  <logger>edu.neu.csye6200.bg.PlantSimUI</logger>
  <level>INFO</level>
  <class>edu.neu.csye6200.bg.BGRule</class>
  <method>&lt;init&gt;</method>
  <thread>18</thread>
  <message>An instance of BGRule is created</message>
</record>
<record>
  <date>2018-11-14T21:50:01.588104Z</date>
  <millis>1542232201588</millis>
  <nanos>104000</nanos>
  <sequence>6</sequence>
  <logger>edu.neu.csye6200.bg.PlantSimUI</logger>
  <level>INFO</level>
  <class>edu.neu.csye6200.bg.BGGeneration</class>
  <method>&lt;init&gt;</method>
  <thread>18</thread>
  <message>An instance of BGGenration is created</message>
</record>
<record>
  <date>2018-11-14T21:50:09.366193Z</date>
  <millis>1542232209366</millis>
  <nanos>193000</nanos>
  <sequence>7</sequence>
  <logger>edu.neu.csye6200.bg.PlantSimUI</logger>
  <level>INFO</level>
  <class>edu.neu.csye6200.bg.BGRule</class>
  <method>&lt;init&gt;</method>
  <thread>18</thread>
  <message>An instance of BGRule is created</message>
</record>
<record>
  <date>2018-11-14T21:50:09.366844Z</date>
  <millis>1542232209366</millis>
  <nanos>844000</nanos>
  <sequence>8</sequence>
  <logger>edu.neu.csye6200.bg.PlantSimUI</logger>
  <level>INFO</level>
  <class>edu.neu.csye6200.bg.BGGeneration</class>
  <method>&lt;init&gt;</method>
  <thread>18</thread>
  <message>An instance of BGGenration is created</message>
</record>
</log>
