<?xml version="1.0" encoding="UTF-8" standalone="no"?>
<!DOCTYPE log SYSTEM "logger.dtd">
<log>
<record>
  <date>2018-11-26T22:59:42.148315Z</date>
  <millis>1543273182148</millis>
  <nanos>315000</nanos>
  <sequence>2</sequence>
  <logger>edu.neu.csye6200.ui.PlantApp</logger>
  <level>INFO</level>
  <class>edu.neu.csye6200.ui.PlantApp</class>
  <method>main</method>
  <thread>1</thread>
  <message>PlantApp started</message>
</record>
<record>
  <date>2018-11-26T22:59:42.333813Z</date>
  <millis>1543273182333</millis>
  <nanos>813000</nanos>
  <sequence>3</sequence>
  <logger>edu.neu.csye6200.ui.BGCanvas</logger>
  <level>INFO</level>
  <class>edu.neu.csye6200.ui.BGCanvas</class>
  <method>drawBG</method>
  <thread>17</thread>
  <message>Drawing BG 0</message>
</record>
<record>
  <date>2018-11-26T22:59:42.362907Z</date>
  <millis>1543273182362</millis>
  <nanos>907000</nanos>
  <sequence>4</sequence>
  <logger>edu.neu.csye6200.ui.PlantApp</logger>
  <level>INFO</level>
  <class>edu.neu.csye6200.ui.PlantApp</class>
  <method>windowActivated</method>
  <thread>17</thread>
  <message>Window activated</message>
</record>
<record>
  <date>2018-11-26T22:59:42.369298Z</date>
  <millis>1543273182369</millis>
  <nanos>298000</nanos>
  <sequence>5</sequence>
  <logger>edu.neu.csye6200.ui.PlantApp</logger>
  <level>INFO</level>
  <class>edu.neu.csye6200.ui.PlantApp</class>
  <method>windowOpened</method>
  <thread>17</thread>
  <message>Window opened</message>
</record>
<record>
  <date>2018-11-26T22:59:42.370280Z</date>
  <millis>1543273182370</millis>
  <nanos>280000</nanos>
  <sequence>6</sequence>
  <logger>edu.neu.csye6200.ui.BGCanvas</logger>
  <level>INFO</level>
  <class>edu.neu.csye6200.ui.BGCanvas</class>
  <method>drawBG</method>
  <thread>17</thread>
  <message>Drawing BG 1</message>
</record>
<record>
  <date>2018-11-26T22:59:49.644732Z</date>
  <millis>1543273189644</millis>
  <nanos>732000</nanos>
  <sequence>7</sequence>
  <logger>edu.neu.csye6200.bg.BGRule</logger>
  <level>INFO</level>
  <class>edu.neu.csye6200.bg.BGRule</class>
  <method>&lt;init&gt;</method>
  <thread>17</thread>
  <message>An instance of BGRule is created</message>
</record>
<record>
  <date>2018-11-26T22:59:49.645431Z</date>
  <millis>1543273189645</millis>
  <nanos>431000</nanos>
  <sequence>8</sequence>
  <logger>edu.neu.csye6200.bg.BGGeneration</logger>
  <level>INFO</level>
  <class>edu.neu.csye6200.bg.BGGeneration</class>
  <method>&lt;init&gt;</method>
  <thread>17</thread>
  <message>An instance of BGGenration is created</message>
</record>
<record>
  <date>2018-11-26T22:59:49.648592Z</date>
  <millis>1543273189648</millis>
  <nanos>592000</nanos>
  <sequence>9</sequence>
  <logger>edu.neu.csye6200.ui.BGCanvas</logger>
  <level>INFO</level>
  <class>edu.neu.csye6200.ui.BGCanvas</class>
  <method>drawBG</method>
  <thread>17</thread>
  <message>Drawing BG 2</message>
</record>
<record>
  <date>2018-11-26T22:59:55.593729Z</date>
  <millis>1543273195593</millis>
  <nanos>729000</nanos>
  <sequence>10</sequence>
  <logger>edu.neu.csye6200.bg.BGRule</logger>
  <level>INFO</level>
  <class>edu.neu.csye6200.bg.BGRule</class>
  <method>&lt;init&gt;</method>
  <thread>17</thread>
  <message>An instance of BGRule is created</message>
</record>
<record>
  <date>2018-11-26T22:59:55.594354Z</date>
  <millis>1543273195594</millis>
  <nanos>354000</nanos>
  <sequence>11</sequence>
  <logger>edu.neu.csye6200.bg.BGGeneration</logger>
  <level>INFO</level>
  <class>edu.neu.csye6200.bg.BGGeneration</class>
  <method>&lt;init&gt;</method>
  <thread>17</thread>
  <message>An instance of BGGenration is created</message>
</record>
<record>
  <date>2018-11-26T22:59:56.037573Z</date>
  <millis>1543273196037</millis>
  <nanos>573000</nanos>
  <sequence>12</sequence>
  <logger>edu.neu.csye6200.ui.BGCanvas</logger>
  <level>INFO</level>
  <class>edu.neu.csye6200.ui.BGCanvas</class>
  <method>drawBG</method>
  <thread>17</thread>
  <message>Drawing BG 3</message>
</record>
<record>
  <date>2018-11-26T23:00:24.853849Z</date>
  <millis>1543273224853</millis>
  <nanos>849000</nanos>
  <sequence>13</sequence>
  <logger>edu.neu.csye6200.ui.PlantApp</logger>
  <level>INFO</level>
  <class>edu.neu.csye6200.ui.PlantApp</class>
  <method>windowDeactivated</method>
  <thread>17</thread>
  <message>Window deactivated</message>
</record>
</log>
